# MODAL ANALYSIS REPORT

* 1. DOMAIN SIZE:
# This is the size of the problem: 1 for 1D problems, 2 for 2D problems, 3 for 3D problems.
3


* 2. EIGENVALUE ANALYSIS:
#          MODE        LAMBDA         OMEGA     FREQUENCY        PERIOD
# ------------- ------------- ------------- ------------- -------------
              1       5.27852        2.2975      0.365659       2.73479
              2       226.316       15.0438       2.39429       0.41766
              3       1633.76       40.4197         6.433      0.155448


* 3. TOTAL MASS OF THE STRUCTURE:
# The total masses (translational and rotational) of the structure
# including the masses at fixed DOFs (if any).
#            MX            MY            MZ           RMX           RMY           RMZ
# ------------- ------------- ------------- ------------- ------------- -------------
           3000          3000             0             0             0         18000


* 4. TOTAL FREE MASS OF THE STRUCTURE:
# The total masses (translational and rotational) of the structure
# including only the masses at free DOFs.
#            MX            MY            MZ           RMX           RMY           RMZ
# ------------- ------------- ------------- ------------- ------------- -------------
           3000          3000             0             0             0         18000


* 5. CENTER OF MASS:
# The center of mass of the structure, calculated from free masses.
#             X             Y             Z
# ------------- ------------- -------------
              0             6             0


* 6. MODAL PARTICIPATION FACTORS:
# The participation factor for a certain mode 'a' in a certain direction 'i'
# indicates how strongly displacement along (or rotation about)
# the global axes is represented in the eigenvector of that mode.
#          MODE            MX            MY            MZ           RMX           RMY           RMZ
# ------------- ------------- ------------- ------------- ------------- ------------- -------------
              1       -46.691             0             0             0             0       69.9985
              2       25.4232             0             0             0             0       97.4097
              3       13.1761             0             0             0             0       60.0962


* 7. MODAL PARTICIPATION MASSES:
# The modal participation masses for each mode.
#          MODE            MX            MY            MZ           RMX           RMY           RMZ
# ------------- ------------- ------------- ------------- ------------- ------------- -------------
              1       2180.05             0             0             0             0       4899.79
              2       646.341             0             0             0             0       9488.65
              3       173.609             0             0             0             0       3611.55


* 8. MODAL PARTICIPATION MASSES (cumulative):
# The cumulative modal participation masses for each mode.
#          MODE            MX            MY            MZ           RMX           RMY           RMZ
# ------------- ------------- ------------- ------------- ------------- ------------- -------------
              1       2180.05             0             0             0             0       4899.79
              2       2826.39             0             0             0             0       14388.4
              3          3000             0             0             0             0         18000


* 9. MODAL PARTICIPATION MASS RATIOS (%):
# The modal participation mass ratios (%) for each mode.
#          MODE            MX            MY            MZ           RMX           RMY           RMZ
# ------------- ------------- ------------- ------------- ------------- ------------- -------------
              1       72.6683             0             0             0             0       27.2211
              2       21.5447             0             0             0             0       52.7147
              3       5.78695             0             0             0             0       20.0642


* 10. MODAL PARTICIPATION MASS RATIOS (%) (cumulative):
# The cumulative modal participation mass ratios (%) for each mode.
#          MODE            MX            MY            MZ           RMX           RMY           RMZ
# ------------- ------------- ------------- ------------- ------------- ------------- -------------
              1       72.6683             0             0             0             0       27.2211
              2        94.213             0             0             0             0       79.9358
              3           100             0             0             0             0           100


